<?xml version="1.0" encoding="UTF-8"?>
<!-- Generated by org.testng.reporters.JUnitReportReporter -->
<testsuite skipped="0" hostname="MRUTUNJAY" name="Testng.propertiesFile" tests="1" failures="0" timestamp="02 Jan 2022 16:56:09 GMT" time="25.041" errors="0">
  <testcase name="branchcreation" time="25.041" classname="Testng.propertiesFile"/>
</testsuite> <!-- Testng.propertiesFile -->
