<?xml version="1.0" encoding="UTF-8"?>
<!-- Generated by org.testng.reporters.JUnitReportReporter -->
<testsuite skipped="1" hostname="MRUTUNJAY" name="seleniumwebdriver.Orange_hrm" tests="11" failures="0" timestamp="01 Jan 2022 07:09:52 GMT" time="15.021" errors="0">
  <testcase name="admin" time="1.438" classname="seleniumwebdriver.Orange_hrm"/>
  <testcase name="admin" time="1.505" classname="seleniumwebdriver.Orange_hrm"/>
  <testcase name="leav" time="2.410" classname="seleniumwebdriver.Orange_hrm"/>
  <testcase name="time" time="1.718" classname="seleniumwebdriver.Orange_hrm"/>
  <testcase name="recuirment" time="1.422" classname="seleniumwebdriver.Orange_hrm"/>
  <testcase name="pim" time="1.467" classname="seleniumwebdriver.Orange_hrm"/>
  <testcase name="admin" time="1.840" classname="seleniumwebdriver.Orange_hrm"/>
  <testcase name="dashboard" time="1.041" classname="seleniumwebdriver.Orange_hrm"/>
  <testcase name="perfomance" time="0.125" classname="seleniumwebdriver.Orange_hrm"/>
  <testcase name="myinfo" time="2.055" classname="seleniumwebdriver.Orange_hrm"/>
  <testcase name="directory" classname="seleniumwebdriver.Orange_hrm">
    <skipped/>
  </testcase> <!-- directory -->
</testsuite> <!-- seleniumwebdriver.Orange_hrm -->
