<?xml version="1.0" encoding="UTF-8"?>
<!-- Generated by org.testng.reporters.JUnitReportReporter -->
<testsuite skipped="0" hostname="MRUTUNJAY" name="seleniumwebdriver.Annotation" tests="3" failures="0" timestamp="01 Jan 2022 07:09:52 GMT" time="42.514" errors="0">
  <testcase name="branches" time="14.297" classname="seleniumwebdriver.Annotation"/>
  <testcase name="users" time="14.032" classname="seleniumwebdriver.Annotation"/>
  <testcase name="roles" time="14.185" classname="seleniumwebdriver.Annotation"/>
</testsuite> <!-- seleniumwebdriver.Annotation -->
